{"/Users/Cloud/Documents/FSE/FSE-F15-SA4-SSNoC/app.js":{"path":"/Users/Cloud/Documents/FSE/FSE-F15-SA4-SSNoC/app.js","s":{"1":1,"2":1,"3":1,"4":1,"5":1,"6":1,"7":1,"8":1,"9":1,"10":1,"11":1,"12":1,"13":1,"14":1,"15":1,"16":1,"17":1,"18":1,"19":1,"20":1,"21":1,"22":1,"23":1,"24":1,"25":1,"26":1,"27":1,"28":1,"29":1,"30":1,"31":1,"32":0,"33":0,"34":0,"35":0,"36":0,"37":0,"38":1,"39":0,"40":0,"41":0,"42":0,"43":0,"44":0,"45":1,"46":1,"47":0,"48":0,"49":0,"50":0,"51":0,"52":0,"53":0,"54":0,"55":0,"56":0,"57":0,"58":0,"59":1,"60":0,"61":1,"62":0,"63":0,"64":0,"65":0,"66":1,"67":1,"68":1,"69":1,"70":1,"71":1,"72":1,"73":1,"74":1,"75":1,"76":1,"77":0,"78":0,"79":0,"80":0,"81":1,"82":0,"83":1,"84":0,"85":1,"86":0,"87":0,"88":0,"89":0,"90":0,"91":0,"92":0,"93":0,"94":0,"95":0,"96":0,"97":0,"98":1,"99":0,"100":0,"101":1,"102":0,"103":0,"104":0,"105":0,"106":1,"107":0,"108":0,"109":0,"110":0,"111":1,"112":0,"113":0,"114":0,"115":0,"116":0,"117":0,"118":1,"119":0,"120":1,"121":0,"122":1,"123":0,"124":0,"125":1,"126":0,"127":0,"128":1,"129":0,"130":0,"131":1,"132":0,"133":0,"134":1,"135":0,"136":0,"137":1,"138":0,"139":0,"140":1,"141":0,"142":1,"143":0,"144":1,"145":0,"146":1,"147":0,"148":1,"149":0,"150":1,"151":0,"152":1,"153":4,"154":0,"155":4,"156":1,"157":1,"158":1,"159":1,"160":1,"161":4,"162":0,"163":0,"164":0,"165":4,"166":0,"167":0,"168":0,"169":0,"170":0,"171":0,"172":4,"173":0,"174":0,"175":0,"176":0,"177":0,"178":4,"179":0,"180":0,"181":0,"182":0,"183":0,"184":0,"185":0,"186":0,"187":0,"188":4,"189":1,"190":0,"191":1,"192":1,"193":1,"194":1,"195":1,"196":1,"197":4,"198":1,"199":0,"200":1,"201":1,"202":1,"203":1,"204":1,"205":1,"206":1,"207":4,"208":0,"209":0,"210":0,"211":0,"212":0,"213":0,"214":0,"215":1},"b":{"1":[1,0],"2":[0,0],"3":[0,0],"4":[0,0],"5":[0,0],"6":[0,0],"7":[0,0],"8":[0,0],"9":[0,0],"10":[0,0],"11":[0,0],"12":[0,0],"13":[0,0],"14":[0,0],"15":[0,0],"16":[0,0],"17":[0,0],"18":[0,0],"19":[0,0],"20":[0,1],"21":[0,1],"22":[0,0]},"f":{"1":1,"2":1,"3":0,"4":0,"5":0,"6":0,"7":0,"8":0,"9":0,"10":0,"11":0,"12":0,"13":0,"14":0,"15":0,"16":0,"17":0,"18":0,"19":0,"20":0,"21":0,"22":0,"23":0,"24":0,"25":0,"26":0,"27":0,"28":0,"29":0,"30":0,"31":0,"32":0,"33":0,"34":0,"35":0,"36":0,"37":0,"38":0,"39":0,"40":0,"41":0,"42":4,"43":0,"44":1,"45":0,"46":0,"47":0,"48":0,"49":0,"50":1,"51":1,"52":1,"53":0},"fnMap":{"1":{"name":"(anonymous_1)","line":29,"loc":{"start":{"line":29,"column":38},"end":{"line":29,"column":52}}},"2":{"name":"(anonymous_2)","line":31,"loc":{"start":{"line":31,"column":15},"end":{"line":31,"column":26}}},"3":{"name":"(anonymous_3)","line":47,"loc":{"start":{"line":47,"column":15},"end":{"line":47,"column":40}}},"4":{"name":"(anonymous_4)","line":50,"loc":{"start":{"line":50,"column":12},"end":{"line":50,"column":37}}},"5":{"name":"fileFilter","line":59,"loc":{"start":{"line":59,"column":0},"end":{"line":59,"column":35}}},"6":{"name":"(anonymous_6)","line":73,"loc":{"start":{"line":73,"column":2},"end":{"line":73,"column":35}}},"7":{"name":"(anonymous_7)","line":80,"loc":{"start":{"line":80,"column":35},"end":{"line":80,"column":55}}},"8":{"name":"(anonymous_8)","line":88,"loc":{"start":{"line":88,"column":23},"end":{"line":88,"column":42}}},"9":{"name":"(anonymous_9)","line":92,"loc":{"start":{"line":92,"column":25},"end":{"line":92,"column":42}}},"10":{"name":"(anonymous_10)","line":93,"loc":{"start":{"line":93,"column":27},"end":{"line":93,"column":48}}},"11":{"name":"loginProcess","line":113,"loc":{"start":{"line":113,"column":0},"end":{"line":113,"column":31}}},"12":{"name":"(anonymous_12)","line":127,"loc":{"start":{"line":127,"column":2},"end":{"line":127,"column":21}}},"13":{"name":"(anonymous_13)","line":132,"loc":{"start":{"line":132,"column":2},"end":{"line":132,"column":21}}},"14":{"name":"(anonymous_14)","line":136,"loc":{"start":{"line":136,"column":24},"end":{"line":136,"column":49}}},"15":{"name":"(anonymous_15)","line":137,"loc":{"start":{"line":137,"column":33},"end":{"line":137,"column":59}}},"16":{"name":"(anonymous_16)","line":146,"loc":{"start":{"line":146,"column":20},"end":{"line":146,"column":34}}},"17":{"name":"(anonymous_17)","line":157,"loc":{"start":{"line":157,"column":44},"end":{"line":157,"column":69}}},"18":{"name":"(anonymous_18)","line":162,"loc":{"start":{"line":162,"column":32},"end":{"line":162,"column":56}}},"19":{"name":"(anonymous_19)","line":168,"loc":{"start":{"line":168,"column":5},"end":{"line":168,"column":29}}},"20":{"name":"(anonymous_20)","line":172,"loc":{"start":{"line":172,"column":35},"end":{"line":172,"column":59}}},"21":{"name":"(anonymous_21)","line":178,"loc":{"start":{"line":178,"column":5},"end":{"line":178,"column":29}}},"22":{"name":"(anonymous_22)","line":196,"loc":{"start":{"line":196,"column":21},"end":{"line":196,"column":45}}},"23":{"name":"(anonymous_23)","line":198,"loc":{"start":{"line":198,"column":3},"end":{"line":198,"column":28}}},"24":{"name":"(anonymous_24)","line":208,"loc":{"start":{"line":208,"column":31},"end":{"line":208,"column":55}}},"25":{"name":"(anonymous_25)","line":212,"loc":{"start":{"line":212,"column":34},"end":{"line":212,"column":58}}},"26":{"name":"(anonymous_26)","line":216,"loc":{"start":{"line":216,"column":26},"end":{"line":216,"column":50}}},"27":{"name":"(anonymous_27)","line":218,"loc":{"start":{"line":218,"column":5},"end":{"line":218,"column":23}}},"28":{"name":"(anonymous_28)","line":222,"loc":{"start":{"line":222,"column":18},"end":{"line":222,"column":42}}},"29":{"name":"(anonymous_29)","line":224,"loc":{"start":{"line":224,"column":5},"end":{"line":224,"column":23}}},"30":{"name":"(anonymous_30)","line":228,"loc":{"start":{"line":228,"column":24},"end":{"line":228,"column":48}}},"31":{"name":"(anonymous_31)","line":230,"loc":{"start":{"line":230,"column":5},"end":{"line":230,"column":23}}},"32":{"name":"(anonymous_32)","line":234,"loc":{"start":{"line":234,"column":26},"end":{"line":234,"column":50}}},"33":{"name":"(anonymous_33)","line":236,"loc":{"start":{"line":236,"column":5},"end":{"line":236,"column":23}}},"34":{"name":"(anonymous_34)","line":240,"loc":{"start":{"line":240,"column":42},"end":{"line":240,"column":67}}},"35":{"name":"(anonymous_35)","line":248,"loc":{"start":{"line":248,"column":2},"end":{"line":248,"column":20}}},"36":{"name":"(anonymous_36)","line":253,"loc":{"start":{"line":253,"column":29},"end":{"line":253,"column":53}}},"37":{"name":"(anonymous_37)","line":257,"loc":{"start":{"line":257,"column":33},"end":{"line":257,"column":57}}},"38":{"name":"(anonymous_38)","line":261,"loc":{"start":{"line":261,"column":27},"end":{"line":261,"column":51}}},"39":{"name":"(anonymous_39)","line":265,"loc":{"start":{"line":265,"column":32},"end":{"line":265,"column":56}}},"40":{"name":"(anonymous_40)","line":269,"loc":{"start":{"line":269,"column":35},"end":{"line":269,"column":59}}},"41":{"name":"(anonymous_41)","line":273,"loc":{"start":{"line":273,"column":29},"end":{"line":273,"column":53}}},"42":{"name":"(anonymous_42)","line":290,"loc":{"start":{"line":290,"column":20},"end":{"line":290,"column":37}}},"43":{"name":"(anonymous_43)","line":291,"loc":{"start":{"line":291,"column":25},"end":{"line":291,"column":39}}},"44":{"name":"(anonymous_44)","line":295,"loc":{"start":{"line":295,"column":25},"end":{"line":295,"column":39}}},"45":{"name":"(anonymous_45)","line":304,"loc":{"start":{"line":304,"column":46},"end":{"line":304,"column":60}}},"46":{"name":"(anonymous_46)","line":310,"loc":{"start":{"line":310,"column":43},"end":{"line":310,"column":57}}},"47":{"name":"(anonymous_47)","line":322,"loc":{"start":{"line":322,"column":42},"end":{"line":322,"column":56}}},"48":{"name":"(anonymous_48)","line":334,"loc":{"start":{"line":334,"column":34},"end":{"line":334,"column":49}}},"49":{"name":"(anonymous_49)","line":348,"loc":{"start":{"line":348,"column":17},"end":{"line":348,"column":28}}},"50":{"name":"(anonymous_50)","line":355,"loc":{"start":{"line":355,"column":28},"end":{"line":355,"column":43}}},"51":{"name":"(anonymous_51)","line":367,"loc":{"start":{"line":367,"column":17},"end":{"line":367,"column":28}}},"52":{"name":"(anonymous_52)","line":374,"loc":{"start":{"line":374,"column":35},"end":{"line":374,"column":50}}},"53":{"name":"(anonymous_53)","line":395,"loc":{"start":{"line":395,"column":31},"end":{"line":395,"column":49}}}},"statementMap":{"1":{"start":{"line":1,"column":0},"end":{"line":1,"column":33}},"2":{"start":{"line":2,"column":0},"end":{"line":2,"column":20}},"3":{"start":{"line":3,"column":0},"end":{"line":3,"column":38}},"4":{"start":{"line":4,"column":0},"end":{"line":4,"column":40}},"5":{"start":{"line":5,"column":0},"end":{"line":5,"column":44}},"6":{"start":{"line":6,"column":0},"end":{"line":6,"column":52}},"7":{"start":{"line":7,"column":0},"end":{"line":7,"column":48}},"8":{"start":{"line":8,"column":0},"end":{"line":8,"column":27}},"9":{"start":{"line":9,"column":0},"end":{"line":9,"column":50}},"10":{"start":{"line":10,"column":0},"end":{"line":10,"column":35}},"11":{"start":{"line":11,"column":0},"end":{"line":11,"column":36}},"12":{"start":{"line":12,"column":0},"end":{"line":12,"column":43}},"13":{"start":{"line":13,"column":0},"end":{"line":13,"column":31}},"14":{"start":{"line":15,"column":0},"end":{"line":15,"column":40}},"15":{"start":{"line":17,"column":0},"end":{"line":20,"column":4}},"16":{"start":{"line":21,"column":0},"end":{"line":25,"column":4}},"17":{"start":{"line":27,"column":0},"end":{"line":27,"column":53}},"18":{"start":{"line":28,"column":0},"end":{"line":28,"column":54}},"19":{"start":{"line":29,"column":0},"end":{"line":40,"column":3}},"20":{"start":{"line":30,"column":1},"end":{"line":39,"column":2}},"21":{"start":{"line":31,"column":2},"end":{"line":37,"column":5}},"22":{"start":{"line":32,"column":3},"end":{"line":32,"column":132}},"23":{"start":{"line":33,"column":3},"end":{"line":33,"column":187}},"24":{"start":{"line":34,"column":3},"end":{"line":34,"column":139}},"25":{"start":{"line":35,"column":3},"end":{"line":35,"column":203}},"26":{"start":{"line":36,"column":6},"end":{"line":36,"column":183}},"27":{"start":{"line":38,"column":2},"end":{"line":38,"column":19}},"28":{"start":{"line":42,"column":0},"end":{"line":42,"column":22}},"29":{"start":{"line":43,"column":0},"end":{"line":43,"column":20}},"30":{"start":{"line":44,"column":0},"end":{"line":44,"column":22}},"31":{"start":{"line":46,"column":0},"end":{"line":57,"column":3}},"32":{"start":{"line":48,"column":4},"end":{"line":48,"column":25}},"33":{"start":{"line":51,"column":4},"end":{"line":51,"column":41}},"34":{"start":{"line":52,"column":4},"end":{"line":52,"column":44}},"35":{"start":{"line":53,"column":4},"end":{"line":53,"column":85}},"36":{"start":{"line":54,"column":4},"end":{"line":54,"column":26}},"37":{"start":{"line":55,"column":4},"end":{"line":55,"column":23}},"38":{"start":{"line":59,"column":0},"end":{"line":68,"column":1}},"39":{"start":{"line":60,"column":2},"end":{"line":60,"column":27}},"40":{"start":{"line":61,"column":2},"end":{"line":61,"column":20}},"41":{"start":{"line":62,"column":2},"end":{"line":62,"column":34}},"42":{"start":{"line":63,"column":2},"end":{"line":67,"column":3}},"43":{"start":{"line":64,"column":4},"end":{"line":64,"column":19}},"44":{"start":{"line":66,"column":4},"end":{"line":66,"column":20}},"45":{"start":{"line":70,"column":0},"end":{"line":70,"column":82}},"46":{"start":{"line":72,"column":0},"end":{"line":86,"column":6}},"47":{"start":{"line":75,"column":4},"end":{"line":79,"column":5}},"48":{"start":{"line":76,"column":6},"end":{"line":76,"column":17}},"49":{"start":{"line":77,"column":6},"end":{"line":77,"column":33}},"50":{"start":{"line":78,"column":6},"end":{"line":78,"column":27}},"51":{"start":{"line":80,"column":4},"end":{"line":85,"column":7}},"52":{"start":{"line":81,"column":6},"end":{"line":81,"column":34}},"53":{"start":{"line":81,"column":17},"end":{"line":81,"column":32}},"54":{"start":{"line":82,"column":6},"end":{"line":82,"column":44}},"55":{"start":{"line":82,"column":19},"end":{"line":82,"column":42}},"56":{"start":{"line":83,"column":6},"end":{"line":83,"column":64}},"57":{"start":{"line":83,"column":39},"end":{"line":83,"column":62}},"58":{"start":{"line":84,"column":6},"end":{"line":84,"column":28}},"59":{"start":{"line":88,"column":0},"end":{"line":90,"column":3}},"60":{"start":{"line":89,"column":3},"end":{"line":89,"column":27}},"61":{"start":{"line":92,"column":0},"end":{"line":97,"column":3}},"62":{"start":{"line":93,"column":2},"end":{"line":96,"column":5}},"63":{"start":{"line":94,"column":4},"end":{"line":94,"column":32}},"64":{"start":{"line":94,"column":15},"end":{"line":94,"column":30}},"65":{"start":{"line":95,"column":4},"end":{"line":95,"column":19}},"66":{"start":{"line":99,"column":0},"end":{"line":99,"column":36}},"67":{"start":{"line":100,"column":0},"end":{"line":100,"column":63}},"68":{"start":{"line":101,"column":0},"end":{"line":101,"column":99}},"69":{"start":{"line":103,"column":0},"end":{"line":103,"column":35}},"70":{"start":{"line":104,"column":0},"end":{"line":104,"column":56}},"71":{"start":{"line":105,"column":0},"end":{"line":105,"column":34}},"72":{"start":{"line":107,"column":0},"end":{"line":107,"column":31}},"73":{"start":{"line":108,"column":0},"end":{"line":108,"column":28}},"74":{"start":{"line":110,"column":0},"end":{"line":110,"column":30}},"75":{"start":{"line":111,"column":0},"end":{"line":111,"column":38}},"76":{"start":{"line":113,"column":0},"end":{"line":122,"column":1}},"77":{"start":{"line":114,"column":2},"end":{"line":114,"column":42}},"78":{"start":{"line":116,"column":2},"end":{"line":120,"column":3}},"79":{"start":{"line":117,"column":4},"end":{"line":117,"column":88}},"80":{"start":{"line":119,"column":4},"end":{"line":119,"column":77}},"81":{"start":{"line":126,"column":0},"end":{"line":129,"column":3}},"82":{"start":{"line":128,"column":4},"end":{"line":128,"column":51}},"83":{"start":{"line":131,"column":0},"end":{"line":134,"column":3}},"84":{"start":{"line":133,"column":4},"end":{"line":133,"column":51}},"85":{"start":{"line":136,"column":0},"end":{"line":155,"column":17}},"86":{"start":{"line":137,"column":2},"end":{"line":154,"column":20}},"87":{"start":{"line":138,"column":4},"end":{"line":141,"column":5}},"88":{"start":{"line":139,"column":6},"end":{"line":139,"column":23}},"89":{"start":{"line":140,"column":6},"end":{"line":140,"column":70}},"90":{"start":{"line":142,"column":4},"end":{"line":145,"column":5}},"91":{"start":{"line":143,"column":6},"end":{"line":143,"column":27}},"92":{"start":{"line":144,"column":6},"end":{"line":144,"column":70}},"93":{"start":{"line":146,"column":4},"end":{"line":153,"column":7}},"94":{"start":{"line":147,"column":6},"end":{"line":150,"column":7}},"95":{"start":{"line":148,"column":8},"end":{"line":148,"column":25}},"96":{"start":{"line":149,"column":8},"end":{"line":149,"column":72}},"97":{"start":{"line":152,"column":6},"end":{"line":152,"column":20}},"98":{"start":{"line":157,"column":0},"end":{"line":160,"column":3}},"99":{"start":{"line":158,"column":2},"end":{"line":158,"column":26}},"100":{"start":{"line":159,"column":2},"end":{"line":159,"column":90}},"101":{"start":{"line":162,"column":0},"end":{"line":170,"column":41}},"102":{"start":{"line":163,"column":4},"end":{"line":167,"column":5}},"103":{"start":{"line":164,"column":6},"end":{"line":164,"column":13}},"104":{"start":{"line":166,"column":6},"end":{"line":166,"column":71}},"105":{"start":{"line":169,"column":4},"end":{"line":169,"column":63}},"106":{"start":{"line":172,"column":0},"end":{"line":180,"column":41}},"107":{"start":{"line":173,"column":4},"end":{"line":177,"column":5}},"108":{"start":{"line":174,"column":6},"end":{"line":174,"column":13}},"109":{"start":{"line":176,"column":6},"end":{"line":176,"column":71}},"110":{"start":{"line":179,"column":4},"end":{"line":179,"column":63}},"111":{"start":{"line":196,"column":0},"end":{"line":206,"column":3}},"112":{"start":{"line":197,"column":2},"end":{"line":197,"column":61}},"113":{"start":{"line":199,"column":2},"end":{"line":205,"column":3}},"114":{"start":{"line":200,"column":4},"end":{"line":200,"column":22}},"115":{"start":{"line":201,"column":4},"end":{"line":201,"column":20}},"116":{"start":{"line":202,"column":4},"end":{"line":202,"column":62}},"117":{"start":{"line":204,"column":4},"end":{"line":204,"column":69}},"118":{"start":{"line":208,"column":0},"end":{"line":210,"column":37}},"119":{"start":{"line":209,"column":4},"end":{"line":209,"column":63}},"120":{"start":{"line":212,"column":0},"end":{"line":214,"column":40}},"121":{"start":{"line":213,"column":4},"end":{"line":213,"column":63}},"122":{"start":{"line":216,"column":0},"end":{"line":220,"column":3}},"123":{"start":{"line":217,"column":4},"end":{"line":217,"column":63}},"124":{"start":{"line":219,"column":6},"end":{"line":219,"column":32}},"125":{"start":{"line":222,"column":0},"end":{"line":226,"column":3}},"126":{"start":{"line":223,"column":4},"end":{"line":223,"column":63}},"127":{"start":{"line":225,"column":4},"end":{"line":225,"column":50}},"128":{"start":{"line":228,"column":0},"end":{"line":232,"column":5}},"129":{"start":{"line":229,"column":4},"end":{"line":229,"column":63}},"130":{"start":{"line":231,"column":5},"end":{"line":231,"column":50}},"131":{"start":{"line":234,"column":0},"end":{"line":238,"column":5}},"132":{"start":{"line":235,"column":4},"end":{"line":235,"column":63}},"133":{"start":{"line":237,"column":4},"end":{"line":237,"column":55}},"134":{"start":{"line":240,"column":0},"end":{"line":245,"column":2}},"135":{"start":{"line":241,"column":4},"end":{"line":241,"column":44}},"136":{"start":{"line":242,"column":4},"end":{"line":242,"column":11}},"137":{"start":{"line":247,"column":0},"end":{"line":251,"column":3}},"138":{"start":{"line":249,"column":4},"end":{"line":249,"column":45}},"139":{"start":{"line":250,"column":4},"end":{"line":250,"column":30}},"140":{"start":{"line":253,"column":0},"end":{"line":255,"column":37}},"141":{"start":{"line":254,"column":4},"end":{"line":254,"column":63}},"142":{"start":{"line":257,"column":0},"end":{"line":259,"column":40}},"143":{"start":{"line":258,"column":4},"end":{"line":258,"column":63}},"144":{"start":{"line":261,"column":0},"end":{"line":263,"column":37}},"145":{"start":{"line":262,"column":4},"end":{"line":262,"column":63}},"146":{"start":{"line":265,"column":0},"end":{"line":267,"column":46}},"147":{"start":{"line":266,"column":4},"end":{"line":266,"column":63}},"148":{"start":{"line":269,"column":0},"end":{"line":271,"column":42}},"149":{"start":{"line":270,"column":4},"end":{"line":270,"column":63}},"150":{"start":{"line":273,"column":0},"end":{"line":275,"column":40}},"151":{"start":{"line":274,"column":4},"end":{"line":274,"column":63}},"152":{"start":{"line":290,"column":0},"end":{"line":411,"column":3}},"153":{"start":{"line":291,"column":2},"end":{"line":293,"column":5}},"154":{"start":{"line":292,"column":4},"end":{"line":292,"column":45}},"155":{"start":{"line":295,"column":2},"end":{"line":302,"column":5}},"156":{"start":{"line":296,"column":4},"end":{"line":296,"column":36}},"157":{"start":{"line":297,"column":4},"end":{"line":297,"column":36}},"158":{"start":{"line":298,"column":4},"end":{"line":298,"column":32}},"159":{"start":{"line":299,"column":4},"end":{"line":299,"column":41}},"160":{"start":{"line":300,"column":4},"end":{"line":300,"column":45}},"161":{"start":{"line":304,"column":3},"end":{"line":308,"column":6}},"162":{"start":{"line":305,"column":4},"end":{"line":305,"column":53}},"163":{"start":{"line":306,"column":4},"end":{"line":306,"column":55}},"164":{"start":{"line":307,"column":4},"end":{"line":307,"column":62}},"165":{"start":{"line":310,"column":2},"end":{"line":320,"column":5}},"166":{"start":{"line":311,"column":4},"end":{"line":313,"column":5}},"167":{"start":{"line":312,"column":6},"end":{"line":312,"column":13}},"168":{"start":{"line":314,"column":4},"end":{"line":314,"column":21}},"169":{"start":{"line":315,"column":4},"end":{"line":315,"column":31}},"170":{"start":{"line":317,"column":4},"end":{"line":317,"column":63}},"171":{"start":{"line":318,"column":4},"end":{"line":318,"column":39}},"172":{"start":{"line":322,"column":2},"end":{"line":331,"column":5}},"173":{"start":{"line":323,"column":4},"end":{"line":325,"column":5}},"174":{"start":{"line":324,"column":6},"end":{"line":324,"column":13}},"175":{"start":{"line":326,"column":4},"end":{"line":326,"column":22}},"176":{"start":{"line":328,"column":4},"end":{"line":328,"column":52}},"177":{"start":{"line":329,"column":4},"end":{"line":329,"column":62}},"178":{"start":{"line":334,"column":2},"end":{"line":352,"column":5}},"179":{"start":{"line":335,"column":4},"end":{"line":337,"column":5}},"180":{"start":{"line":336,"column":6},"end":{"line":336,"column":13}},"181":{"start":{"line":338,"column":4},"end":{"line":338,"column":50}},"182":{"start":{"line":339,"column":4},"end":{"line":345,"column":6}},"183":{"start":{"line":346,"column":4},"end":{"line":346,"column":58}},"184":{"start":{"line":347,"column":4},"end":{"line":347,"column":48}},"185":{"start":{"line":348,"column":4},"end":{"line":351,"column":7}},"186":{"start":{"line":349,"column":6},"end":{"line":349,"column":136}},"187":{"start":{"line":350,"column":6},"end":{"line":350,"column":94}},"188":{"start":{"line":355,"column":2},"end":{"line":371,"column":5}},"189":{"start":{"line":356,"column":4},"end":{"line":358,"column":5}},"190":{"start":{"line":357,"column":6},"end":{"line":357,"column":13}},"191":{"start":{"line":359,"column":4},"end":{"line":359,"column":50}},"192":{"start":{"line":360,"column":4},"end":{"line":364,"column":5}},"193":{"start":{"line":365,"column":4},"end":{"line":365,"column":53}},"194":{"start":{"line":366,"column":4},"end":{"line":366,"column":43}},"195":{"start":{"line":367,"column":4},"end":{"line":370,"column":7}},"196":{"start":{"line":369,"column":6},"end":{"line":369,"column":113}},"197":{"start":{"line":374,"column":2},"end":{"line":393,"column":5}},"198":{"start":{"line":375,"column":4},"end":{"line":377,"column":5}},"199":{"start":{"line":376,"column":6},"end":{"line":376,"column":13}},"200":{"start":{"line":378,"column":4},"end":{"line":378,"column":50}},"201":{"start":{"line":379,"column":4},"end":{"line":386,"column":5}},"202":{"start":{"line":388,"column":2},"end":{"line":388,"column":138}},"203":{"start":{"line":389,"column":4},"end":{"line":389,"column":50}},"204":{"start":{"line":390,"column":4},"end":{"line":390,"column":46}},"205":{"start":{"line":391,"column":4},"end":{"line":391,"column":60}},"206":{"start":{"line":392,"column":4},"end":{"line":392,"column":58}},"207":{"start":{"line":395,"column":1},"end":{"line":408,"column":5}},"208":{"start":{"line":396,"column":4},"end":{"line":398,"column":5}},"209":{"start":{"line":397,"column":6},"end":{"line":397,"column":13}},"210":{"start":{"line":399,"column":4},"end":{"line":399,"column":50}},"211":{"start":{"line":400,"column":4},"end":{"line":404,"column":6}},"212":{"start":{"line":405,"column":4},"end":{"line":405,"column":51}},"213":{"start":{"line":406,"column":4},"end":{"line":406,"column":41}},"214":{"start":{"line":407,"column":4},"end":{"line":407,"column":76}},"215":{"start":{"line":413,"column":0},"end":{"line":413,"column":21}}},"branchMap":{"1":{"line":30,"type":"if","locations":[{"start":{"line":30,"column":1},"end":{"line":30,"column":1}},{"start":{"line":30,"column":1},"end":{"line":30,"column":1}}]},"2":{"line":63,"type":"if","locations":[{"start":{"line":63,"column":2},"end":{"line":63,"column":2}},{"start":{"line":63,"column":2},"end":{"line":63,"column":2}}]},"3":{"line":63,"type":"binary-expr","locations":[{"start":{"line":63,"column":6},"end":{"line":63,"column":29}},{"start":{"line":63,"column":33},"end":{"line":63,"column":56}}]},"4":{"line":75,"type":"if","locations":[{"start":{"line":75,"column":4},"end":{"line":75,"column":4}},{"start":{"line":75,"column":4},"end":{"line":75,"column":4}}]},"5":{"line":81,"type":"if","locations":[{"start":{"line":81,"column":6},"end":{"line":81,"column":6}},{"start":{"line":81,"column":6},"end":{"line":81,"column":6}}]},"6":{"line":82,"type":"if","locations":[{"start":{"line":82,"column":6},"end":{"line":82,"column":6}},{"start":{"line":82,"column":6},"end":{"line":82,"column":6}}]},"7":{"line":83,"type":"if","locations":[{"start":{"line":83,"column":6},"end":{"line":83,"column":6}},{"start":{"line":83,"column":6},"end":{"line":83,"column":6}}]},"8":{"line":94,"type":"if","locations":[{"start":{"line":94,"column":4},"end":{"line":94,"column":4}},{"start":{"line":94,"column":4},"end":{"line":94,"column":4}}]},"9":{"line":116,"type":"if","locations":[{"start":{"line":116,"column":2},"end":{"line":116,"column":2}},{"start":{"line":116,"column":2},"end":{"line":116,"column":2}}]},"10":{"line":116,"type":"binary-expr","locations":[{"start":{"line":116,"column":6},"end":{"line":116,"column":20}},{"start":{"line":116,"column":24},"end":{"line":116,"column":45}}]},"11":{"line":138,"type":"if","locations":[{"start":{"line":138,"column":4},"end":{"line":138,"column":4}},{"start":{"line":138,"column":4},"end":{"line":138,"column":4}}]},"12":{"line":142,"type":"if","locations":[{"start":{"line":142,"column":4},"end":{"line":142,"column":4}},{"start":{"line":142,"column":4},"end":{"line":142,"column":4}}]},"13":{"line":147,"type":"if","locations":[{"start":{"line":147,"column":6},"end":{"line":147,"column":6}},{"start":{"line":147,"column":6},"end":{"line":147,"column":6}}]},"14":{"line":163,"type":"if","locations":[{"start":{"line":163,"column":4},"end":{"line":163,"column":4}},{"start":{"line":163,"column":4},"end":{"line":163,"column":4}}]},"15":{"line":173,"type":"if","locations":[{"start":{"line":173,"column":4},"end":{"line":173,"column":4}},{"start":{"line":173,"column":4},"end":{"line":173,"column":4}}]},"16":{"line":199,"type":"if","locations":[{"start":{"line":199,"column":2},"end":{"line":199,"column":2}},{"start":{"line":199,"column":2},"end":{"line":199,"column":2}}]},"17":{"line":311,"type":"if","locations":[{"start":{"line":311,"column":4},"end":{"line":311,"column":4}},{"start":{"line":311,"column":4},"end":{"line":311,"column":4}}]},"18":{"line":323,"type":"if","locations":[{"start":{"line":323,"column":4},"end":{"line":323,"column":4}},{"start":{"line":323,"column":4},"end":{"line":323,"column":4}}]},"19":{"line":335,"type":"if","locations":[{"start":{"line":335,"column":4},"end":{"line":335,"column":4}},{"start":{"line":335,"column":4},"end":{"line":335,"column":4}}]},"20":{"line":356,"type":"if","locations":[{"start":{"line":356,"column":4},"end":{"line":356,"column":4}},{"start":{"line":356,"column":4},"end":{"line":356,"column":4}}]},"21":{"line":375,"type":"if","locations":[{"start":{"line":375,"column":4},"end":{"line":375,"column":4}},{"start":{"line":375,"column":4},"end":{"line":375,"column":4}}]},"22":{"line":396,"type":"if","locations":[{"start":{"line":396,"column":4},"end":{"line":396,"column":4}},{"start":{"line":396,"column":4},"end":{"line":396,"column":4}}]}}},"/Users/Cloud/Documents/FSE/FSE-F15-SA4-SSNoC/routes/login.js":{"path":"/Users/Cloud/Documents/FSE/FSE-F15-SA4-SSNoC/routes/login.js","s":{"1":1,"2":1,"3":1,"4":1,"5":1,"6":0,"7":0,"8":0,"9":0,"10":0,"11":0,"12":0,"13":0,"14":0,"15":0,"16":0,"17":0,"18":0,"19":0,"20":0,"21":1,"22":0,"23":0,"24":0,"25":0,"26":0,"27":0,"28":0,"29":0,"30":0,"31":1,"32":0,"33":0,"34":0,"35":0,"36":0},"b":{"1":[0,0],"2":[0,0],"3":[0,0],"4":[0,0],"5":[0,0],"6":[0,0],"7":[0,0]},"f":{"1":0,"2":0,"3":0,"4":0,"5":0},"fnMap":{"1":{"name":"(anonymous_1)","line":6,"loc":{"start":{"line":6,"column":19},"end":{"line":6,"column":36}}},"2":{"name":"(anonymous_2)","line":11,"loc":{"start":{"line":11,"column":17},"end":{"line":11,"column":35}}},"3":{"name":"(anonymous_3)","line":29,"loc":{"start":{"line":29,"column":25},"end":{"line":29,"column":48}}},"4":{"name":"(anonymous_4)","line":31,"loc":{"start":{"line":31,"column":17},"end":{"line":31,"column":35}}},"5":{"name":"(anonymous_5)","line":47,"loc":{"start":{"line":47,"column":21},"end":{"line":47,"column":72}}}},"statementMap":{"1":{"start":{"line":1,"column":0},"end":{"line":1,"column":27}},"2":{"start":{"line":2,"column":0},"end":{"line":2,"column":51}},"3":{"start":{"line":3,"column":0},"end":{"line":3,"column":43}},"4":{"start":{"line":4,"column":0},"end":{"line":4,"column":38}},"5":{"start":{"line":6,"column":0},"end":{"line":27,"column":1}},"6":{"start":{"line":7,"column":2},"end":{"line":7,"column":33}},"7":{"start":{"line":8,"column":2},"end":{"line":8,"column":67}},"8":{"start":{"line":9,"column":2},"end":{"line":9,"column":22}},"9":{"start":{"line":10,"column":2},"end":{"line":10,"column":21}},"10":{"start":{"line":11,"column":2},"end":{"line":26,"column":4}},"11":{"start":{"line":12,"column":4},"end":{"line":25,"column":5}},"12":{"start":{"line":13,"column":6},"end":{"line":13,"column":23}},"13":{"start":{"line":14,"column":6},"end":{"line":14,"column":25}},"14":{"start":{"line":16,"column":6},"end":{"line":24,"column":7}},"15":{"start":{"line":17,"column":8},"end":{"line":17,"column":30}},"16":{"start":{"line":18,"column":8},"end":{"line":18,"column":25}},"17":{"start":{"line":19,"column":8},"end":{"line":19,"column":27}},"18":{"start":{"line":20,"column":8},"end":{"line":20,"column":22}},"19":{"start":{"line":22,"column":8},"end":{"line":22,"column":32}},"20":{"start":{"line":23,"column":8},"end":{"line":23,"column":56}},"21":{"start":{"line":29,"column":0},"end":{"line":45,"column":1}},"22":{"start":{"line":30,"column":2},"end":{"line":30,"column":70}},"23":{"start":{"line":31,"column":2},"end":{"line":44,"column":5}},"24":{"start":{"line":32,"column":4},"end":{"line":43,"column":5}},"25":{"start":{"line":33,"column":6},"end":{"line":33,"column":23}},"26":{"start":{"line":34,"column":6},"end":{"line":34,"column":28}},"27":{"start":{"line":36,"column":6},"end":{"line":42,"column":7}},"28":{"start":{"line":38,"column":8},"end":{"line":38,"column":29}},"29":{"start":{"line":40,"column":8},"end":{"line":40,"column":33}},"30":{"start":{"line":41,"column":8},"end":{"line":41,"column":30}},"31":{"start":{"line":47,"column":0},"end":{"line":57,"column":1}},"32":{"start":{"line":48,"column":2},"end":{"line":56,"column":3}},"33":{"start":{"line":49,"column":4},"end":{"line":53,"column":5}},"34":{"start":{"line":50,"column":6},"end":{"line":50,"column":67}},"35":{"start":{"line":52,"column":6},"end":{"line":52,"column":13}},"36":{"start":{"line":55,"column":4},"end":{"line":55,"column":40}}},"branchMap":{"1":{"line":12,"type":"if","locations":[{"start":{"line":12,"column":4},"end":{"line":12,"column":4}},{"start":{"line":12,"column":4},"end":{"line":12,"column":4}}]},"2":{"line":16,"type":"if","locations":[{"start":{"line":16,"column":6},"end":{"line":16,"column":6}},{"start":{"line":16,"column":6},"end":{"line":16,"column":6}}]},"3":{"line":32,"type":"if","locations":[{"start":{"line":32,"column":4},"end":{"line":32,"column":4}},{"start":{"line":32,"column":4},"end":{"line":32,"column":4}}]},"4":{"line":36,"type":"if","locations":[{"start":{"line":36,"column":6},"end":{"line":36,"column":6}},{"start":{"line":36,"column":6},"end":{"line":36,"column":6}}]},"5":{"line":48,"type":"if","locations":[{"start":{"line":48,"column":2},"end":{"line":48,"column":2}},{"start":{"line":48,"column":2},"end":{"line":48,"column":2}}]},"6":{"line":48,"type":"binary-expr","locations":[{"start":{"line":48,"column":6},"end":{"line":48,"column":14}},{"start":{"line":48,"column":18},"end":{"line":48,"column":50}}]},"7":{"line":49,"type":"if","locations":[{"start":{"line":49,"column":4},"end":{"line":49,"column":4}},{"start":{"line":49,"column":4},"end":{"line":49,"column":4}}]}}},"/Users/Cloud/Documents/FSE/FSE-F15-SA4-SSNoC/routes/signup.js":{"path":"/Users/Cloud/Documents/FSE/FSE-F15-SA4-SSNoC/routes/signup.js","s":{"1":1,"2":1,"3":1,"4":1,"5":1,"6":1,"7":1,"8":1,"9":0,"10":0,"11":0,"12":0,"13":0,"14":1,"15":0,"16":0,"17":0,"18":1,"19":0,"20":0,"21":0,"22":0,"23":0,"24":0,"25":0,"26":0,"27":0,"28":0,"29":0,"30":0,"31":0,"32":0,"33":0,"34":1,"35":0,"36":0,"37":0,"38":1,"39":1,"40":1,"41":1,"42":1,"43":311},"b":{"1":[0,0],"2":[0,0],"3":[0,0],"4":[0,0],"5":[0,0],"6":[0,0],"7":[0,0,0]},"f":{"1":0,"2":0,"3":0,"4":0,"5":0,"6":0,"7":1,"8":1},"fnMap":{"1":{"name":"(anonymous_1)","line":27,"loc":{"start":{"line":27,"column":19},"end":{"line":27,"column":44}}},"2":{"name":"response","line":42,"loc":{"start":{"line":42,"column":0},"end":{"line":42,"column":62}}},"3":{"name":"checkUserExisted","line":62,"loc":{"start":{"line":62,"column":0},"end":{"line":62,"column":62}}},"4":{"name":"(anonymous_4)","line":63,"loc":{"start":{"line":63,"column":14},"end":{"line":63,"column":25}}},"5":{"name":"(anonymous_5)","line":65,"loc":{"start":{"line":65,"column":66},"end":{"line":65,"column":85}}},"6":{"name":"qualifiedUsernamePassword","line":98,"loc":{"start":{"line":98,"column":0},"end":{"line":98,"column":55}}},"7":{"name":"parseBannedUsers","line":107,"loc":{"start":{"line":107,"column":0},"end":{"line":107,"column":28}}},"8":{"name":"(anonymous_8)","line":109,"loc":{"start":{"line":109,"column":27},"end":{"line":109,"column":48}}}},"statementMap":{"1":{"start":{"line":4,"column":0},"end":{"line":4,"column":23}},"2":{"start":{"line":5,"column":0},"end":{"line":5,"column":43}},"3":{"start":{"line":6,"column":0},"end":{"line":6,"column":27}},"4":{"start":{"line":7,"column":0},"end":{"line":7,"column":51}},"5":{"start":{"line":11,"column":0},"end":{"line":11,"column":38}},"6":{"start":{"line":21,"column":0},"end":{"line":21,"column":25}},"7":{"start":{"line":22,"column":0},"end":{"line":22,"column":19}},"8":{"start":{"line":27,"column":0},"end":{"line":37,"column":1}},"9":{"start":{"line":28,"column":1},"end":{"line":28,"column":34}},"10":{"start":{"line":29,"column":1},"end":{"line":29,"column":34}},"11":{"start":{"line":32,"column":1},"end":{"line":36,"column":2}},"12":{"start":{"line":33,"column":2},"end":{"line":33,"column":97}},"13":{"start":{"line":35,"column":2},"end":{"line":35,"column":55}},"14":{"start":{"line":42,"column":0},"end":{"line":53,"column":1}},"15":{"start":{"line":43,"column":1},"end":{"line":43,"column":45}},"16":{"start":{"line":45,"column":1},"end":{"line":50,"column":4}},"17":{"start":{"line":51,"column":1},"end":{"line":51,"column":32}},"18":{"start":{"line":62,"column":0},"end":{"line":91,"column":1}},"19":{"start":{"line":63,"column":1},"end":{"line":90,"column":4}},"20":{"start":{"line":64,"column":2},"end":{"line":89,"column":3}},"21":{"start":{"line":65,"column":3},"end":{"line":85,"column":6}},"22":{"start":{"line":66,"column":4},"end":{"line":69,"column":5}},"23":{"start":{"line":67,"column":5},"end":{"line":67,"column":70}},"24":{"start":{"line":68,"column":5},"end":{"line":68,"column":12}},"25":{"start":{"line":71,"column":4},"end":{"line":84,"column":5}},"26":{"start":{"line":72,"column":5},"end":{"line":73,"column":26}},"27":{"start":{"line":75,"column":6},"end":{"line":75,"column":27}},"28":{"start":{"line":76,"column":6},"end":{"line":76,"column":13}},"29":{"start":{"line":77,"column":11},"end":{"line":84,"column":5}},"30":{"start":{"line":80,"column":5},"end":{"line":80,"column":26}},"31":{"start":{"line":81,"column":5},"end":{"line":81,"column":12}},"32":{"start":{"line":83,"column":5},"end":{"line":83,"column":61}},"33":{"start":{"line":87,"column":3},"end":{"line":87,"column":68}},"34":{"start":{"line":98,"column":0},"end":{"line":103,"column":1}},"35":{"start":{"line":99,"column":1},"end":{"line":101,"column":2}},"36":{"start":{"line":100,"column":2},"end":{"line":100,"column":15}},"37":{"start":{"line":102,"column":1},"end":{"line":102,"column":13}},"38":{"start":{"line":107,"column":0},"end":{"line":115,"column":1}},"39":{"start":{"line":108,"column":1},"end":{"line":108,"column":54}},"40":{"start":{"line":109,"column":1},"end":{"line":114,"column":4}},"41":{"start":{"line":110,"column":2},"end":{"line":110,"column":33}},"42":{"start":{"line":111,"column":2},"end":{"line":113,"column":3}},"43":{"start":{"line":112,"column":3},"end":{"line":112,"column":41}}},"branchMap":{"1":{"line":32,"type":"if","locations":[{"start":{"line":32,"column":1},"end":{"line":32,"column":1}},{"start":{"line":32,"column":1},"end":{"line":32,"column":1}}]},"2":{"line":64,"type":"if","locations":[{"start":{"line":64,"column":2},"end":{"line":64,"column":2}},{"start":{"line":64,"column":2},"end":{"line":64,"column":2}}]},"3":{"line":66,"type":"if","locations":[{"start":{"line":66,"column":4},"end":{"line":66,"column":4}},{"start":{"line":66,"column":4},"end":{"line":66,"column":4}}]},"4":{"line":71,"type":"if","locations":[{"start":{"line":71,"column":4},"end":{"line":71,"column":4}},{"start":{"line":71,"column":4},"end":{"line":71,"column":4}}]},"5":{"line":77,"type":"if","locations":[{"start":{"line":77,"column":11},"end":{"line":77,"column":11}},{"start":{"line":77,"column":11},"end":{"line":77,"column":11}}]},"6":{"line":99,"type":"if","locations":[{"start":{"line":99,"column":1},"end":{"line":99,"column":1}},{"start":{"line":99,"column":1},"end":{"line":99,"column":1}}]},"7":{"line":99,"type":"binary-expr","locations":[{"start":{"line":99,"column":5},"end":{"line":99,"column":24}},{"start":{"line":99,"column":28},"end":{"line":99,"column":47}},{"start":{"line":99,"column":51},"end":{"line":99,"column":78}}]}}},"/Users/Cloud/Documents/FSE/FSE-F15-SA4-SSNoC/routes/getUsers.js":{"path":"/Users/Cloud/Documents/FSE/FSE-F15-SA4-SSNoC/routes/getUsers.js","s":{"1":1,"2":1,"3":1,"4":1,"5":1,"6":1,"7":1,"8":1,"9":1,"10":1,"11":0,"12":0,"13":0,"14":0,"15":0,"16":0,"17":0,"18":0,"19":0,"20":0,"21":0,"22":0,"23":0,"24":0,"25":0,"26":0,"27":0,"28":1,"29":0,"30":0,"31":0,"32":0,"33":0,"34":0,"35":0,"36":0,"37":0,"38":0,"39":0,"40":0,"41":0,"42":0,"43":0,"44":0,"45":0,"46":0,"47":0,"48":0,"49":0,"50":0,"51":0,"52":0,"53":1,"54":0,"55":0,"56":0,"57":0,"58":0,"59":0,"60":0,"61":0,"62":0,"63":0,"64":0,"65":0,"66":0,"67":0,"68":0,"69":0,"70":0,"71":0,"72":0,"73":0,"74":0},"b":{"1":[1,0],"2":[0,0],"3":[0,0],"4":[0,0],"5":[0,0],"6":[0,0],"7":[0,0],"8":[0,0],"9":[0,0],"10":[0,0],"11":[0,0],"12":[0,0]},"f":{"1":1,"2":0,"3":0,"4":0,"5":0,"6":0,"7":0,"8":0,"9":0,"10":0},"fnMap":{"1":{"name":"(anonymous_1)","line":12,"loc":{"start":{"line":12,"column":38},"end":{"line":12,"column":52}}},"2":{"name":"(anonymous_2)","line":21,"loc":{"start":{"line":21,"column":22},"end":{"line":21,"column":56}}},"3":{"name":"(anonymous_3)","line":25,"loc":{"start":{"line":25,"column":85},"end":{"line":25,"column":104}}},"4":{"name":"(anonymous_4)","line":40,"loc":{"start":{"line":40,"column":5},"end":{"line":40,"column":16}}},"5":{"name":"(anonymous_5)","line":52,"loc":{"start":{"line":52,"column":22},"end":{"line":52,"column":56}}},"6":{"name":"(anonymous_6)","line":57,"loc":{"start":{"line":57,"column":23},"end":{"line":57,"column":42}}},"7":{"name":"(anonymous_7)","line":72,"loc":{"start":{"line":72,"column":5},"end":{"line":72,"column":16}}},"8":{"name":"(anonymous_8)","line":88,"loc":{"start":{"line":88,"column":28},"end":{"line":88,"column":62}}},"9":{"name":"(anonymous_9)","line":92,"loc":{"start":{"line":92,"column":23},"end":{"line":92,"column":42}}},"10":{"name":"(anonymous_10)","line":107,"loc":{"start":{"line":107,"column":5},"end":{"line":107,"column":16}}}},"statementMap":{"1":{"start":{"line":4,"column":0},"end":{"line":4,"column":23}},"2":{"start":{"line":5,"column":0},"end":{"line":5,"column":43}},"3":{"start":{"line":6,"column":0},"end":{"line":6,"column":27}},"4":{"start":{"line":7,"column":0},"end":{"line":7,"column":27}},"5":{"start":{"line":8,"column":0},"end":{"line":8,"column":51}},"6":{"start":{"line":10,"column":0},"end":{"line":10,"column":22}},"7":{"start":{"line":12,"column":0},"end":{"line":16,"column":3}},"8":{"start":{"line":13,"column":1},"end":{"line":15,"column":2}},"9":{"start":{"line":14,"column":2},"end":{"line":14,"column":19}},"10":{"start":{"line":21,"column":0},"end":{"line":50,"column":1}},"11":{"start":{"line":22,"column":1},"end":{"line":49,"column":2}},"12":{"start":{"line":23,"column":2},"end":{"line":23,"column":21}},"13":{"start":{"line":25,"column":2},"end":{"line":46,"column":5}},"14":{"start":{"line":26,"column":3},"end":{"line":29,"column":4}},"15":{"start":{"line":27,"column":4},"end":{"line":27,"column":82}},"16":{"start":{"line":28,"column":4},"end":{"line":28,"column":17}},"17":{"start":{"line":31,"column":3},"end":{"line":31,"column":32}},"18":{"start":{"line":32,"column":3},"end":{"line":32,"column":58}},"19":{"start":{"line":35,"column":3},"end":{"line":39,"column":4}},"20":{"start":{"line":36,"column":4},"end":{"line":36,"column":42}},"21":{"start":{"line":38,"column":4},"end":{"line":38,"column":42}},"22":{"start":{"line":41,"column":3},"end":{"line":41,"column":47}},"23":{"start":{"line":42,"column":3},"end":{"line":42,"column":33}},"24":{"start":{"line":43,"column":3},"end":{"line":43,"column":41}},"25":{"start":{"line":44,"column":3},"end":{"line":44,"column":44}},"26":{"start":{"line":45,"column":3},"end":{"line":45,"column":34}},"27":{"start":{"line":48,"column":2},"end":{"line":48,"column":80}},"28":{"start":{"line":52,"column":0},"end":{"line":86,"column":1}},"29":{"start":{"line":53,"column":1},"end":{"line":85,"column":2}},"30":{"start":{"line":54,"column":2},"end":{"line":54,"column":21}},"31":{"start":{"line":55,"column":2},"end":{"line":55,"column":145}},"32":{"start":{"line":56,"column":2},"end":{"line":56,"column":27}},"33":{"start":{"line":57,"column":2},"end":{"line":82,"column":5}},"34":{"start":{"line":58,"column":3},"end":{"line":62,"column":4}},"35":{"start":{"line":59,"column":4},"end":{"line":59,"column":21}},"36":{"start":{"line":60,"column":4},"end":{"line":60,"column":82}},"37":{"start":{"line":61,"column":4},"end":{"line":61,"column":17}},"38":{"start":{"line":63,"column":3},"end":{"line":63,"column":20}},"39":{"start":{"line":64,"column":3},"end":{"line":64,"column":32}},"40":{"start":{"line":65,"column":3},"end":{"line":65,"column":58}},"41":{"start":{"line":67,"column":3},"end":{"line":71,"column":4}},"42":{"start":{"line":68,"column":4},"end":{"line":68,"column":42}},"43":{"start":{"line":70,"column":4},"end":{"line":70,"column":42}},"44":{"start":{"line":73,"column":3},"end":{"line":76,"column":4}},"45":{"start":{"line":74,"column":4},"end":{"line":74,"column":66}},"46":{"start":{"line":75,"column":4},"end":{"line":75,"column":11}},"47":{"start":{"line":77,"column":3},"end":{"line":77,"column":47}},"48":{"start":{"line":78,"column":3},"end":{"line":78,"column":33}},"49":{"start":{"line":79,"column":3},"end":{"line":79,"column":41}},"50":{"start":{"line":80,"column":3},"end":{"line":80,"column":44}},"51":{"start":{"line":81,"column":3},"end":{"line":81,"column":34}},"52":{"start":{"line":84,"column":2},"end":{"line":84,"column":80}},"53":{"start":{"line":88,"column":0},"end":{"line":121,"column":1}},"54":{"start":{"line":89,"column":1},"end":{"line":120,"column":2}},"55":{"start":{"line":90,"column":2},"end":{"line":90,"column":21}},"56":{"start":{"line":91,"column":2},"end":{"line":91,"column":123}},"57":{"start":{"line":92,"column":2},"end":{"line":117,"column":5}},"58":{"start":{"line":93,"column":3},"end":{"line":96,"column":4}},"59":{"start":{"line":94,"column":4},"end":{"line":94,"column":82}},"60":{"start":{"line":95,"column":4},"end":{"line":95,"column":17}},"61":{"start":{"line":98,"column":3},"end":{"line":98,"column":32}},"62":{"start":{"line":99,"column":3},"end":{"line":99,"column":58}},"63":{"start":{"line":102,"column":3},"end":{"line":106,"column":4}},"64":{"start":{"line":103,"column":4},"end":{"line":103,"column":42}},"65":{"start":{"line":105,"column":4},"end":{"line":105,"column":42}},"66":{"start":{"line":108,"column":3},"end":{"line":111,"column":4}},"67":{"start":{"line":109,"column":4},"end":{"line":109,"column":66}},"68":{"start":{"line":110,"column":4},"end":{"line":110,"column":11}},"69":{"start":{"line":112,"column":3},"end":{"line":112,"column":47}},"70":{"start":{"line":113,"column":3},"end":{"line":113,"column":33}},"71":{"start":{"line":114,"column":3},"end":{"line":114,"column":41}},"72":{"start":{"line":115,"column":3},"end":{"line":115,"column":44}},"73":{"start":{"line":116,"column":3},"end":{"line":116,"column":34}},"74":{"start":{"line":119,"column":2},"end":{"line":119,"column":80}}},"branchMap":{"1":{"line":13,"type":"if","locations":[{"start":{"line":13,"column":1},"end":{"line":13,"column":1}},{"start":{"line":13,"column":1},"end":{"line":13,"column":1}}]},"2":{"line":22,"type":"if","locations":[{"start":{"line":22,"column":1},"end":{"line":22,"column":1}},{"start":{"line":22,"column":1},"end":{"line":22,"column":1}}]},"3":{"line":26,"type":"if","locations":[{"start":{"line":26,"column":3},"end":{"line":26,"column":3}},{"start":{"line":26,"column":3},"end":{"line":26,"column":3}}]},"4":{"line":35,"type":"if","locations":[{"start":{"line":35,"column":3},"end":{"line":35,"column":3}},{"start":{"line":35,"column":3},"end":{"line":35,"column":3}}]},"5":{"line":53,"type":"if","locations":[{"start":{"line":53,"column":1},"end":{"line":53,"column":1}},{"start":{"line":53,"column":1},"end":{"line":53,"column":1}}]},"6":{"line":58,"type":"if","locations":[{"start":{"line":58,"column":3},"end":{"line":58,"column":3}},{"start":{"line":58,"column":3},"end":{"line":58,"column":3}}]},"7":{"line":67,"type":"if","locations":[{"start":{"line":67,"column":3},"end":{"line":67,"column":3}},{"start":{"line":67,"column":3},"end":{"line":67,"column":3}}]},"8":{"line":73,"type":"if","locations":[{"start":{"line":73,"column":3},"end":{"line":73,"column":3}},{"start":{"line":73,"column":3},"end":{"line":73,"column":3}}]},"9":{"line":89,"type":"if","locations":[{"start":{"line":89,"column":1},"end":{"line":89,"column":1}},{"start":{"line":89,"column":1},"end":{"line":89,"column":1}}]},"10":{"line":93,"type":"if","locations":[{"start":{"line":93,"column":3},"end":{"line":93,"column":3}},{"start":{"line":93,"column":3},"end":{"line":93,"column":3}}]},"11":{"line":102,"type":"if","locations":[{"start":{"line":102,"column":3},"end":{"line":102,"column":3}},{"start":{"line":102,"column":3},"end":{"line":102,"column":3}}]},"12":{"line":108,"type":"if","locations":[{"start":{"line":108,"column":3},"end":{"line":108,"column":3}},{"start":{"line":108,"column":3},"end":{"line":108,"column":3}}]}}},"/Users/Cloud/Documents/FSE/FSE-F15-SA4-SSNoC/routes/chatPublicly.js":{"path":"/Users/Cloud/Documents/FSE/FSE-F15-SA4-SSNoC/routes/chatPublicly.js","s":{"1":1,"2":1,"3":1,"4":1,"5":1,"6":1,"7":1,"8":1,"9":0,"10":0,"11":0,"12":0,"13":0,"14":0,"15":0,"16":0,"17":0,"18":0,"19":0,"20":0,"21":0,"22":0,"23":0,"24":1,"25":0,"26":0,"27":0,"28":0,"29":0,"30":0,"31":0,"32":0,"33":0,"34":0,"35":0,"36":0,"37":0,"38":0,"39":0,"40":0,"41":0,"42":0,"43":0,"44":0,"45":0,"46":0,"47":0,"48":0,"49":0,"50":0,"51":0,"52":0,"53":0,"54":0,"55":0,"56":0,"57":0},"b":{"1":[0,0],"2":[0,0],"3":[0,0],"4":[0,0],"5":[0,0],"6":[0,0],"7":[0,0],"8":[0,0],"9":[0,0]},"f":{"1":0,"2":0,"3":0,"4":0},"fnMap":{"1":{"name":"(anonymous_1)","line":9,"loc":{"start":{"line":9,"column":28},"end":{"line":9,"column":47}}},"2":{"name":"(anonymous_2)","line":18,"loc":{"start":{"line":18,"column":19},"end":{"line":18,"column":37}}},"3":{"name":"(anonymous_3)","line":37,"loc":{"start":{"line":37,"column":31},"end":{"line":37,"column":50}}},"4":{"name":"(anonymous_4)","line":75,"loc":{"start":{"line":75,"column":17},"end":{"line":75,"column":35}}}},"statementMap":{"1":{"start":{"line":1,"column":0},"end":{"line":1,"column":27}},"2":{"start":{"line":2,"column":0},"end":{"line":2,"column":51}},"3":{"start":{"line":3,"column":0},"end":{"line":3,"column":43}},"4":{"start":{"line":4,"column":0},"end":{"line":4,"column":38}},"5":{"start":{"line":5,"column":0},"end":{"line":5,"column":23}},"6":{"start":{"line":6,"column":0},"end":{"line":6,"column":74}},"7":{"start":{"line":7,"column":0},"end":{"line":7,"column":71}},"8":{"start":{"line":9,"column":0},"end":{"line":35,"column":1}},"9":{"start":{"line":10,"column":2},"end":{"line":10,"column":46}},"10":{"start":{"line":11,"column":2},"end":{"line":34,"column":3}},"11":{"start":{"line":12,"column":4},"end":{"line":12,"column":74}},"12":{"start":{"line":15,"column":4},"end":{"line":15,"column":139}},"13":{"start":{"line":16,"column":4},"end":{"line":16,"column":24}},"14":{"start":{"line":18,"column":4},"end":{"line":33,"column":7}},"15":{"start":{"line":19,"column":6},"end":{"line":32,"column":7}},"16":{"start":{"line":20,"column":8},"end":{"line":20,"column":25}},"17":{"start":{"line":21,"column":8},"end":{"line":21,"column":64}},"18":{"start":{"line":23,"column":8},"end":{"line":31,"column":9}},"19":{"start":{"line":24,"column":10},"end":{"line":24,"column":24}},"20":{"start":{"line":25,"column":10},"end":{"line":25,"column":27}},"21":{"start":{"line":26,"column":10},"end":{"line":26,"column":40}},"22":{"start":{"line":27,"column":10},"end":{"line":27,"column":114}},"23":{"start":{"line":30,"column":10},"end":{"line":30,"column":75}},"24":{"start":{"line":37,"column":0},"end":{"line":92,"column":1}},"25":{"start":{"line":39,"column":2},"end":{"line":39,"column":36}},"26":{"start":{"line":40,"column":2},"end":{"line":40,"column":34}},"27":{"start":{"line":41,"column":2},"end":{"line":41,"column":18}},"28":{"start":{"line":42,"column":2},"end":{"line":47,"column":3}},"29":{"start":{"line":43,"column":4},"end":{"line":46,"column":5}},"30":{"start":{"line":44,"column":6},"end":{"line":44,"column":19}},"31":{"start":{"line":45,"column":6},"end":{"line":45,"column":12}},"32":{"start":{"line":49,"column":2},"end":{"line":52,"column":3}},"33":{"start":{"line":50,"column":4},"end":{"line":50,"column":87}},"34":{"start":{"line":51,"column":4},"end":{"line":51,"column":11}},"35":{"start":{"line":54,"column":2},"end":{"line":54,"column":50}},"36":{"start":{"line":55,"column":2},"end":{"line":55,"column":27}},"37":{"start":{"line":56,"column":2},"end":{"line":56,"column":18}},"38":{"start":{"line":57,"column":2},"end":{"line":69,"column":3}},"39":{"start":{"line":58,"column":4},"end":{"line":60,"column":5}},"40":{"start":{"line":59,"column":6},"end":{"line":59,"column":26}},"41":{"start":{"line":61,"column":4},"end":{"line":61,"column":22}},"42":{"start":{"line":62,"column":4},"end":{"line":67,"column":5}},"43":{"start":{"line":63,"column":6},"end":{"line":65,"column":7}},"44":{"start":{"line":64,"column":8},"end":{"line":64,"column":29}},"45":{"start":{"line":66,"column":6},"end":{"line":66,"column":62}},"46":{"start":{"line":68,"column":4},"end":{"line":68,"column":23}},"47":{"start":{"line":71,"column":2},"end":{"line":71,"column":107}},"48":{"start":{"line":73,"column":2},"end":{"line":73,"column":22}},"49":{"start":{"line":75,"column":2},"end":{"line":91,"column":5}},"50":{"start":{"line":76,"column":4},"end":{"line":90,"column":5}},"51":{"start":{"line":77,"column":6},"end":{"line":77,"column":23}},"52":{"start":{"line":78,"column":6},"end":{"line":78,"column":62}},"53":{"start":{"line":79,"column":6},"end":{"line":79,"column":13}},"54":{"start":{"line":81,"column":6},"end":{"line":89,"column":7}},"55":{"start":{"line":83,"column":8},"end":{"line":83,"column":25}},"56":{"start":{"line":85,"column":8},"end":{"line":85,"column":63}},"57":{"start":{"line":88,"column":8},"end":{"line":88,"column":71}}},"branchMap":{"1":{"line":11,"type":"if","locations":[{"start":{"line":11,"column":2},"end":{"line":11,"column":2}},{"start":{"line":11,"column":2},"end":{"line":11,"column":2}}]},"2":{"line":19,"type":"if","locations":[{"start":{"line":19,"column":6},"end":{"line":19,"column":6}},{"start":{"line":19,"column":6},"end":{"line":19,"column":6}}]},"3":{"line":23,"type":"if","locations":[{"start":{"line":23,"column":8},"end":{"line":23,"column":8}},{"start":{"line":23,"column":8},"end":{"line":23,"column":8}}]},"4":{"line":43,"type":"if","locations":[{"start":{"line":43,"column":4},"end":{"line":43,"column":4}},{"start":{"line":43,"column":4},"end":{"line":43,"column":4}}]},"5":{"line":49,"type":"if","locations":[{"start":{"line":49,"column":2},"end":{"line":49,"column":2}},{"start":{"line":49,"column":2},"end":{"line":49,"column":2}}]},"6":{"line":58,"type":"if","locations":[{"start":{"line":58,"column":4},"end":{"line":58,"column":4}},{"start":{"line":58,"column":4},"end":{"line":58,"column":4}}]},"7":{"line":63,"type":"if","locations":[{"start":{"line":63,"column":6},"end":{"line":63,"column":6}},{"start":{"line":63,"column":6},"end":{"line":63,"column":6}}]},"8":{"line":76,"type":"if","locations":[{"start":{"line":76,"column":4},"end":{"line":76,"column":4}},{"start":{"line":76,"column":4},"end":{"line":76,"column":4}}]},"9":{"line":81,"type":"if","locations":[{"start":{"line":81,"column":6},"end":{"line":81,"column":6}},{"start":{"line":81,"column":6},"end":{"line":81,"column":6}}]}}},"/Users/Cloud/Documents/FSE/FSE-F15-SA4-SSNoC/routes/test.js":{"path":"/Users/Cloud/Documents/FSE/FSE-F15-SA4-SSNoC/routes/test.js","s":{"1":1,"2":1,"3":1,"4":1,"5":1,"6":1,"7":1,"8":0,"9":0,"10":0,"11":0,"12":0,"13":0,"14":0,"15":0,"16":0,"17":0,"18":0,"19":0,"20":1,"21":0,"22":0,"23":0,"24":0,"25":0,"26":0,"27":0,"28":0,"29":0,"30":0,"31":0,"32":0,"33":1,"34":0,"35":0,"36":0,"37":0,"38":0,"39":1,"40":0,"41":0,"42":0,"43":0,"44":0,"45":0,"46":0,"47":0,"48":0,"49":0,"50":1,"51":0,"52":0,"53":0,"54":0,"55":0,"56":0,"57":0,"58":0,"59":0,"60":0,"61":0,"62":0,"63":0,"64":0},"b":{"1":[0,0],"2":[0,0],"3":[0,0],"4":[0,0],"5":[0,0],"6":[0,0],"7":[0,0],"8":[0,0],"9":[0,0]},"f":{"1":0,"2":0,"3":0,"4":0,"5":0,"6":0,"7":0,"8":0,"9":0,"10":0},"fnMap":{"1":{"name":"(anonymous_1)","line":9,"loc":{"start":{"line":9,"column":23},"end":{"line":9,"column":48}}},"2":{"name":"(anonymous_2)","line":12,"loc":{"start":{"line":12,"column":17},"end":{"line":12,"column":35}}},"3":{"name":"(anonymous_3)","line":28,"loc":{"start":{"line":28,"column":26},"end":{"line":28,"column":37}}},"4":{"name":"(anonymous_4)","line":31,"loc":{"start":{"line":31,"column":17},"end":{"line":31,"column":35}}},"5":{"name":"deleteAllData","line":47,"loc":{"start":{"line":47,"column":0},"end":{"line":47,"column":24}}},"6":{"name":"(anonymous_6)","line":48,"loc":{"start":{"line":48,"column":39},"end":{"line":48,"column":57}}},"7":{"name":"(anonymous_7)","line":58,"loc":{"start":{"line":58,"column":28},"end":{"line":58,"column":47}}},"8":{"name":"(anonymous_8)","line":61,"loc":{"start":{"line":61,"column":17},"end":{"line":61,"column":35}}},"9":{"name":"(anonymous_9)","line":75,"loc":{"start":{"line":75,"column":28},"end":{"line":75,"column":47}}},"10":{"name":"(anonymous_10)","line":84,"loc":{"start":{"line":84,"column":15},"end":{"line":84,"column":26}}}},"statementMap":{"1":{"start":{"line":1,"column":0},"end":{"line":1,"column":27}},"2":{"start":{"line":2,"column":0},"end":{"line":2,"column":51}},"3":{"start":{"line":3,"column":0},"end":{"line":3,"column":43}},"4":{"start":{"line":4,"column":0},"end":{"line":4,"column":38}},"5":{"start":{"line":6,"column":0},"end":{"line":6,"column":22}},"6":{"start":{"line":7,"column":0},"end":{"line":7,"column":17}},"7":{"start":{"line":9,"column":0},"end":{"line":26,"column":1}},"8":{"start":{"line":10,"column":2},"end":{"line":10,"column":46}},"9":{"start":{"line":11,"column":2},"end":{"line":11,"column":22}},"10":{"start":{"line":12,"column":2},"end":{"line":25,"column":5}},"11":{"start":{"line":13,"column":4},"end":{"line":24,"column":5}},"12":{"start":{"line":14,"column":6},"end":{"line":14,"column":23}},"13":{"start":{"line":15,"column":6},"end":{"line":15,"column":62}},"14":{"start":{"line":17,"column":6},"end":{"line":17,"column":23}},"15":{"start":{"line":18,"column":6},"end":{"line":18,"column":33}},"16":{"start":{"line":19,"column":6},"end":{"line":21,"column":7}},"17":{"start":{"line":20,"column":8},"end":{"line":20,"column":24}},"18":{"start":{"line":22,"column":6},"end":{"line":22,"column":33}},"19":{"start":{"line":23,"column":6},"end":{"line":23,"column":13}},"20":{"start":{"line":28,"column":0},"end":{"line":45,"column":1}},"21":{"start":{"line":29,"column":2},"end":{"line":29,"column":46}},"22":{"start":{"line":30,"column":2},"end":{"line":30,"column":22}},"23":{"start":{"line":31,"column":2},"end":{"line":44,"column":5}},"24":{"start":{"line":32,"column":4},"end":{"line":43,"column":5}},"25":{"start":{"line":33,"column":6},"end":{"line":33,"column":23}},"26":{"start":{"line":34,"column":6},"end":{"line":34,"column":16}},"27":{"start":{"line":36,"column":6},"end":{"line":36,"column":23}},"28":{"start":{"line":37,"column":6},"end":{"line":37,"column":33}},"29":{"start":{"line":38,"column":6},"end":{"line":40,"column":7}},"30":{"start":{"line":39,"column":8},"end":{"line":39,"column":24}},"31":{"start":{"line":41,"column":6},"end":{"line":41,"column":33}},"32":{"start":{"line":42,"column":6},"end":{"line":42,"column":27}},"33":{"start":{"line":47,"column":0},"end":{"line":56,"column":1}},"34":{"start":{"line":48,"column":2},"end":{"line":55,"column":5}},"35":{"start":{"line":49,"column":4},"end":{"line":54,"column":5}},"36":{"start":{"line":50,"column":6},"end":{"line":50,"column":23}},"37":{"start":{"line":52,"column":6},"end":{"line":52,"column":42}},"38":{"start":{"line":53,"column":6},"end":{"line":53,"column":24}},"39":{"start":{"line":58,"column":0},"end":{"line":73,"column":1}},"40":{"start":{"line":59,"column":2},"end":{"line":59,"column":46}},"41":{"start":{"line":60,"column":2},"end":{"line":60,"column":22}},"42":{"start":{"line":61,"column":2},"end":{"line":72,"column":5}},"43":{"start":{"line":62,"column":4},"end":{"line":71,"column":5}},"44":{"start":{"line":63,"column":6},"end":{"line":63,"column":23}},"45":{"start":{"line":64,"column":6},"end":{"line":64,"column":62}},"46":{"start":{"line":66,"column":6},"end":{"line":66,"column":23}},"47":{"start":{"line":67,"column":6},"end":{"line":69,"column":7}},"48":{"start":{"line":68,"column":8},"end":{"line":68,"column":24}},"49":{"start":{"line":70,"column":6},"end":{"line":70,"column":61}},"50":{"start":{"line":75,"column":0},"end":{"line":93,"column":1}},"51":{"start":{"line":76,"column":2},"end":{"line":76,"column":90}},"52":{"start":{"line":77,"column":2},"end":{"line":77,"column":22}},"53":{"start":{"line":78,"column":2},"end":{"line":78,"column":37}},"54":{"start":{"line":79,"column":2},"end":{"line":79,"column":33}},"55":{"start":{"line":80,"column":2},"end":{"line":80,"column":31}},"56":{"start":{"line":81,"column":2},"end":{"line":83,"column":3}},"57":{"start":{"line":82,"column":4},"end":{"line":82,"column":46}},"58":{"start":{"line":84,"column":2},"end":{"line":91,"column":5}},"59":{"start":{"line":85,"column":4},"end":{"line":85,"column":47}},"60":{"start":{"line":86,"column":4},"end":{"line":86,"column":21}},"61":{"start":{"line":87,"column":4},"end":{"line":90,"column":5}},"62":{"start":{"line":88,"column":6},"end":{"line":88,"column":22}},"63":{"start":{"line":89,"column":6},"end":{"line":89,"column":49}},"64":{"start":{"line":92,"column":2},"end":{"line":92,"column":44}}},"branchMap":{"1":{"line":13,"type":"if","locations":[{"start":{"line":13,"column":4},"end":{"line":13,"column":4}},{"start":{"line":13,"column":4},"end":{"line":13,"column":4}}]},"2":{"line":19,"type":"if","locations":[{"start":{"line":19,"column":6},"end":{"line":19,"column":6}},{"start":{"line":19,"column":6},"end":{"line":19,"column":6}}]},"3":{"line":32,"type":"if","locations":[{"start":{"line":32,"column":4},"end":{"line":32,"column":4}},{"start":{"line":32,"column":4},"end":{"line":32,"column":4}}]},"4":{"line":38,"type":"if","locations":[{"start":{"line":38,"column":6},"end":{"line":38,"column":6}},{"start":{"line":38,"column":6},"end":{"line":38,"column":6}}]},"5":{"line":49,"type":"if","locations":[{"start":{"line":49,"column":4},"end":{"line":49,"column":4}},{"start":{"line":49,"column":4},"end":{"line":49,"column":4}}]},"6":{"line":62,"type":"if","locations":[{"start":{"line":62,"column":4},"end":{"line":62,"column":4}},{"start":{"line":62,"column":4},"end":{"line":62,"column":4}}]},"7":{"line":67,"type":"if","locations":[{"start":{"line":67,"column":6},"end":{"line":67,"column":6}},{"start":{"line":67,"column":6},"end":{"line":67,"column":6}}]},"8":{"line":81,"type":"if","locations":[{"start":{"line":81,"column":2},"end":{"line":81,"column":2}},{"start":{"line":81,"column":2},"end":{"line":81,"column":2}}]},"9":{"line":87,"type":"if","locations":[{"start":{"line":87,"column":4},"end":{"line":87,"column":4}},{"start":{"line":87,"column":4},"end":{"line":87,"column":4}}]}}},"/Users/Cloud/Documents/FSE/FSE-F15-SA4-SSNoC/routes/announcement.js":{"path":"/Users/Cloud/Documents/FSE/FSE-F15-SA4-SSNoC/routes/announcement.js","s":{"1":1,"2":1,"3":1,"4":1,"5":1,"6":1,"7":1,"8":1,"9":0,"10":0,"11":0,"12":0,"13":0,"14":0,"15":0,"16":0,"17":1,"18":0,"19":0,"20":1,"21":0,"22":1,"23":0,"24":0,"25":0,"26":0,"27":0,"28":0,"29":1,"30":0,"31":0,"32":0,"33":0,"34":0,"35":0,"36":0,"37":0,"38":0,"39":0,"40":0,"41":0,"42":0,"43":0,"44":0,"45":0,"46":0,"47":0,"48":0,"49":0,"50":0,"51":0,"52":0,"53":0,"54":0,"55":0,"56":0,"57":0,"58":0,"59":0,"60":0,"61":0,"62":0},"b":{"1":[0,0],"2":[0,0],"3":[0,0],"4":[0,0],"5":[0,0],"6":[0,0],"7":[0,0],"8":[0,0]},"f":{"1":0,"2":0,"3":0,"4":0,"5":0,"6":0,"7":0,"8":0},"fnMap":{"1":{"name":"(anonymous_1)","line":9,"loc":{"start":{"line":9,"column":27},"end":{"line":9,"column":46}}},"2":{"name":"(anonymous_2)","line":12,"loc":{"start":{"line":12,"column":17},"end":{"line":12,"column":35}}},"3":{"name":"(anonymous_3)","line":23,"loc":{"start":{"line":23,"column":27},"end":{"line":23,"column":46}}},"4":{"name":"(anonymous_4)","line":28,"loc":{"start":{"line":28,"column":28},"end":{"line":28,"column":64}}},"5":{"name":"insertAnnoucementSql","line":32,"loc":{"start":{"line":32,"column":0},"end":{"line":32,"column":57}}},"6":{"name":"(anonymous_6)","line":39,"loc":{"start":{"line":39,"column":15},"end":{"line":39,"column":26}}},"7":{"name":"(anonymous_7)","line":44,"loc":{"start":{"line":44,"column":30},"end":{"line":44,"column":49}}},"8":{"name":"(anonymous_8)","line":82,"loc":{"start":{"line":82,"column":17},"end":{"line":82,"column":35}}}},"statementMap":{"1":{"start":{"line":1,"column":0},"end":{"line":1,"column":27}},"2":{"start":{"line":2,"column":0},"end":{"line":2,"column":51}},"3":{"start":{"line":3,"column":0},"end":{"line":3,"column":43}},"4":{"start":{"line":4,"column":0},"end":{"line":4,"column":38}},"5":{"start":{"line":5,"column":0},"end":{"line":5,"column":23}},"6":{"start":{"line":6,"column":0},"end":{"line":6,"column":74}},"7":{"start":{"line":7,"column":0},"end":{"line":7,"column":71}},"8":{"start":{"line":9,"column":0},"end":{"line":21,"column":1}},"9":{"start":{"line":10,"column":2},"end":{"line":10,"column":45}},"10":{"start":{"line":11,"column":2},"end":{"line":11,"column":22}},"11":{"start":{"line":12,"column":2},"end":{"line":20,"column":5}},"12":{"start":{"line":13,"column":4},"end":{"line":19,"column":5}},"13":{"start":{"line":14,"column":6},"end":{"line":14,"column":23}},"14":{"start":{"line":15,"column":6},"end":{"line":15,"column":62}},"15":{"start":{"line":17,"column":6},"end":{"line":17,"column":23}},"16":{"start":{"line":18,"column":6},"end":{"line":18,"column":61}},"17":{"start":{"line":23,"column":0},"end":{"line":26,"column":1}},"18":{"start":{"line":24,"column":2},"end":{"line":24,"column":78}},"19":{"start":{"line":25,"column":2},"end":{"line":25,"column":44}},"20":{"start":{"line":28,"column":0},"end":{"line":30,"column":1}},"21":{"start":{"line":29,"column":2},"end":{"line":29,"column":51}},"22":{"start":{"line":32,"column":0},"end":{"line":42,"column":1}},"23":{"start":{"line":33,"column":2},"end":{"line":33,"column":89}},"24":{"start":{"line":34,"column":2},"end":{"line":34,"column":22}},"25":{"start":{"line":35,"column":2},"end":{"line":37,"column":3}},"26":{"start":{"line":36,"column":4},"end":{"line":36,"column":46}},"27":{"start":{"line":39,"column":2},"end":{"line":41,"column":5}},"28":{"start":{"line":40,"column":4},"end":{"line":40,"column":47}},"29":{"start":{"line":44,"column":0},"end":{"line":99,"column":1}},"30":{"start":{"line":46,"column":2},"end":{"line":46,"column":36}},"31":{"start":{"line":47,"column":2},"end":{"line":47,"column":34}},"32":{"start":{"line":48,"column":2},"end":{"line":48,"column":18}},"33":{"start":{"line":49,"column":2},"end":{"line":54,"column":3}},"34":{"start":{"line":50,"column":4},"end":{"line":53,"column":5}},"35":{"start":{"line":51,"column":6},"end":{"line":51,"column":19}},"36":{"start":{"line":52,"column":6},"end":{"line":52,"column":12}},"37":{"start":{"line":56,"column":2},"end":{"line":59,"column":3}},"38":{"start":{"line":57,"column":4},"end":{"line":57,"column":87}},"39":{"start":{"line":58,"column":4},"end":{"line":58,"column":11}},"40":{"start":{"line":61,"column":2},"end":{"line":61,"column":52}},"41":{"start":{"line":62,"column":2},"end":{"line":62,"column":50}},"42":{"start":{"line":63,"column":2},"end":{"line":63,"column":18}},"43":{"start":{"line":64,"column":2},"end":{"line":76,"column":3}},"44":{"start":{"line":65,"column":4},"end":{"line":67,"column":5}},"45":{"start":{"line":66,"column":6},"end":{"line":66,"column":27}},"46":{"start":{"line":68,"column":4},"end":{"line":68,"column":22}},"47":{"start":{"line":69,"column":4},"end":{"line":74,"column":5}},"48":{"start":{"line":70,"column":6},"end":{"line":72,"column":7}},"49":{"start":{"line":71,"column":8},"end":{"line":71,"column":29}},"50":{"start":{"line":73,"column":6},"end":{"line":73,"column":62}},"51":{"start":{"line":75,"column":4},"end":{"line":75,"column":23}},"52":{"start":{"line":78,"column":2},"end":{"line":78,"column":66}},"53":{"start":{"line":80,"column":2},"end":{"line":80,"column":22}},"54":{"start":{"line":82,"column":2},"end":{"line":98,"column":5}},"55":{"start":{"line":83,"column":4},"end":{"line":97,"column":5}},"56":{"start":{"line":84,"column":6},"end":{"line":84,"column":23}},"57":{"start":{"line":85,"column":6},"end":{"line":85,"column":62}},"58":{"start":{"line":86,"column":6},"end":{"line":86,"column":13}},"59":{"start":{"line":88,"column":6},"end":{"line":96,"column":7}},"60":{"start":{"line":90,"column":8},"end":{"line":90,"column":25}},"61":{"start":{"line":92,"column":8},"end":{"line":92,"column":63}},"62":{"start":{"line":95,"column":8},"end":{"line":95,"column":71}}},"branchMap":{"1":{"line":13,"type":"if","locations":[{"start":{"line":13,"column":4},"end":{"line":13,"column":4}},{"start":{"line":13,"column":4},"end":{"line":13,"column":4}}]},"2":{"line":35,"type":"if","locations":[{"start":{"line":35,"column":2},"end":{"line":35,"column":2}},{"start":{"line":35,"column":2},"end":{"line":35,"column":2}}]},"3":{"line":50,"type":"if","locations":[{"start":{"line":50,"column":4},"end":{"line":50,"column":4}},{"start":{"line":50,"column":4},"end":{"line":50,"column":4}}]},"4":{"line":56,"type":"if","locations":[{"start":{"line":56,"column":2},"end":{"line":56,"column":2}},{"start":{"line":56,"column":2},"end":{"line":56,"column":2}}]},"5":{"line":65,"type":"if","locations":[{"start":{"line":65,"column":4},"end":{"line":65,"column":4}},{"start":{"line":65,"column":4},"end":{"line":65,"column":4}}]},"6":{"line":70,"type":"if","locations":[{"start":{"line":70,"column":6},"end":{"line":70,"column":6}},{"start":{"line":70,"column":6},"end":{"line":70,"column":6}}]},"7":{"line":83,"type":"if","locations":[{"start":{"line":83,"column":4},"end":{"line":83,"column":4}},{"start":{"line":83,"column":4},"end":{"line":83,"column":4}}]},"8":{"line":88,"type":"if","locations":[{"start":{"line":88,"column":6},"end":{"line":88,"column":6}},{"start":{"line":88,"column":6},"end":{"line":88,"column":6}}]}}},"/Users/Cloud/Documents/FSE/FSE-F15-SA4-SSNoC/routes/chatPrivately.js":{"path":"/Users/Cloud/Documents/FSE/FSE-F15-SA4-SSNoC/routes/chatPrivately.js","s":{"1":1,"2":1,"3":1,"4":1,"5":1,"6":1,"7":1,"8":1,"9":1,"10":1,"11":1,"12":0,"13":1,"14":1,"15":1,"16":0,"17":0,"18":1,"19":1,"20":1,"21":1,"22":1,"23":0,"24":0,"25":0,"26":0,"27":0,"28":0,"29":0,"30":0,"31":0,"32":0,"33":0,"34":0,"35":0,"36":1,"37":0,"38":0,"39":0,"40":0,"41":0,"42":0,"43":0,"44":0,"45":0,"46":0,"47":0,"48":0,"49":0,"50":0,"51":0,"52":0,"53":0,"54":0,"55":0,"56":0,"57":0,"58":0,"59":0,"60":0,"61":0,"62":0,"63":0,"64":0,"65":0,"66":0,"67":0,"68":0,"69":0},"b":{"1":[0,1],"2":[0,0],"3":[0,0],"4":[0,0],"5":[0,0],"6":[0,0],"7":[0,0],"8":[0,0]},"f":{"1":1,"2":1,"3":0,"4":1,"5":0,"6":0,"7":0,"8":0},"fnMap":{"1":{"name":"inserMessageSql","line":9,"loc":{"start":{"line":9,"column":0},"end":{"line":9,"column":82}}},"2":{"name":"(anonymous_2)","line":16,"loc":{"start":{"line":16,"column":15},"end":{"line":16,"column":26}}},"3":{"name":"(anonymous_3)","line":21,"loc":{"start":{"line":21,"column":30},"end":{"line":21,"column":48}}},"4":{"name":"(anonymous_4)","line":26,"loc":{"start":{"line":26,"column":24},"end":{"line":26,"column":90}}},"5":{"name":"(anonymous_5)","line":32,"loc":{"start":{"line":32,"column":36},"end":{"line":32,"column":54}}},"6":{"name":"(anonymous_6)","line":38,"loc":{"start":{"line":38,"column":17},"end":{"line":38,"column":35}}},"7":{"name":"(anonymous_7)","line":51,"loc":{"start":{"line":51,"column":32},"end":{"line":51,"column":51}}},"8":{"name":"(anonymous_8)","line":89,"loc":{"start":{"line":89,"column":17},"end":{"line":89,"column":35}}}},"statementMap":{"1":{"start":{"line":1,"column":0},"end":{"line":1,"column":27}},"2":{"start":{"line":2,"column":0},"end":{"line":2,"column":51}},"3":{"start":{"line":3,"column":0},"end":{"line":3,"column":43}},"4":{"start":{"line":4,"column":0},"end":{"line":4,"column":38}},"5":{"start":{"line":5,"column":0},"end":{"line":5,"column":23}},"6":{"start":{"line":6,"column":0},"end":{"line":6,"column":74}},"7":{"start":{"line":7,"column":0},"end":{"line":7,"column":71}},"8":{"start":{"line":9,"column":0},"end":{"line":19,"column":1}},"9":{"start":{"line":10,"column":2},"end":{"line":10,"column":126}},"10":{"start":{"line":11,"column":2},"end":{"line":11,"column":22}},"11":{"start":{"line":12,"column":2},"end":{"line":14,"column":3}},"12":{"start":{"line":13,"column":4},"end":{"line":13,"column":46}},"13":{"start":{"line":16,"column":2},"end":{"line":18,"column":5}},"14":{"start":{"line":17,"column":4},"end":{"line":17,"column":77}},"15":{"start":{"line":21,"column":0},"end":{"line":24,"column":1}},"16":{"start":{"line":22,"column":2},"end":{"line":22,"column":116}},"17":{"start":{"line":23,"column":2},"end":{"line":23,"column":44}},"18":{"start":{"line":26,"column":0},"end":{"line":30,"column":1}},"19":{"start":{"line":27,"column":2},"end":{"line":27,"column":28}},"20":{"start":{"line":28,"column":2},"end":{"line":28,"column":30}},"21":{"start":{"line":29,"column":2},"end":{"line":29,"column":76}},"22":{"start":{"line":32,"column":0},"end":{"line":49,"column":1}},"23":{"start":{"line":33,"column":2},"end":{"line":33,"column":32}},"24":{"start":{"line":34,"column":2},"end":{"line":34,"column":36}},"25":{"start":{"line":35,"column":2},"end":{"line":35,"column":25}},"26":{"start":{"line":36,"column":2},"end":{"line":36,"column":190}},"27":{"start":{"line":37,"column":2},"end":{"line":37,"column":22}},"28":{"start":{"line":38,"column":2},"end":{"line":48,"column":5}},"29":{"start":{"line":39,"column":4},"end":{"line":47,"column":5}},"30":{"start":{"line":40,"column":6},"end":{"line":40,"column":23}},"31":{"start":{"line":41,"column":6},"end":{"line":41,"column":62}},"32":{"start":{"line":42,"column":6},"end":{"line":42,"column":13}},"33":{"start":{"line":44,"column":6},"end":{"line":44,"column":23}},"34":{"start":{"line":45,"column":6},"end":{"line":45,"column":61}},"35":{"start":{"line":46,"column":6},"end":{"line":46,"column":17}},"36":{"start":{"line":51,"column":0},"end":{"line":106,"column":1}},"37":{"start":{"line":53,"column":2},"end":{"line":53,"column":36}},"38":{"start":{"line":54,"column":2},"end":{"line":54,"column":34}},"39":{"start":{"line":55,"column":2},"end":{"line":55,"column":18}},"40":{"start":{"line":56,"column":2},"end":{"line":61,"column":3}},"41":{"start":{"line":57,"column":4},"end":{"line":60,"column":5}},"42":{"start":{"line":58,"column":6},"end":{"line":58,"column":19}},"43":{"start":{"line":59,"column":6},"end":{"line":59,"column":12}},"44":{"start":{"line":63,"column":2},"end":{"line":66,"column":3}},"45":{"start":{"line":64,"column":4},"end":{"line":64,"column":87}},"46":{"start":{"line":65,"column":4},"end":{"line":65,"column":11}},"47":{"start":{"line":68,"column":2},"end":{"line":68,"column":51}},"48":{"start":{"line":69,"column":2},"end":{"line":69,"column":27}},"49":{"start":{"line":70,"column":2},"end":{"line":70,"column":18}},"50":{"start":{"line":71,"column":2},"end":{"line":83,"column":3}},"51":{"start":{"line":72,"column":4},"end":{"line":74,"column":5}},"52":{"start":{"line":73,"column":6},"end":{"line":73,"column":26}},"53":{"start":{"line":75,"column":4},"end":{"line":75,"column":22}},"54":{"start":{"line":76,"column":4},"end":{"line":81,"column":5}},"55":{"start":{"line":77,"column":6},"end":{"line":79,"column":7}},"56":{"start":{"line":78,"column":8},"end":{"line":78,"column":29}},"57":{"start":{"line":80,"column":6},"end":{"line":80,"column":62}},"58":{"start":{"line":82,"column":4},"end":{"line":82,"column":23}},"59":{"start":{"line":85,"column":2},"end":{"line":85,"column":273}},"60":{"start":{"line":87,"column":2},"end":{"line":87,"column":22}},"61":{"start":{"line":89,"column":2},"end":{"line":105,"column":5}},"62":{"start":{"line":90,"column":4},"end":{"line":104,"column":5}},"63":{"start":{"line":91,"column":6},"end":{"line":91,"column":23}},"64":{"start":{"line":92,"column":6},"end":{"line":92,"column":62}},"65":{"start":{"line":93,"column":6},"end":{"line":93,"column":13}},"66":{"start":{"line":95,"column":6},"end":{"line":103,"column":7}},"67":{"start":{"line":97,"column":8},"end":{"line":97,"column":25}},"68":{"start":{"line":99,"column":8},"end":{"line":99,"column":63}},"69":{"start":{"line":102,"column":8},"end":{"line":102,"column":71}}},"branchMap":{"1":{"line":12,"type":"if","locations":[{"start":{"line":12,"column":2},"end":{"line":12,"column":2}},{"start":{"line":12,"column":2},"end":{"line":12,"column":2}}]},"2":{"line":39,"type":"if","locations":[{"start":{"line":39,"column":4},"end":{"line":39,"column":4}},{"start":{"line":39,"column":4},"end":{"line":39,"column":4}}]},"3":{"line":57,"type":"if","locations":[{"start":{"line":57,"column":4},"end":{"line":57,"column":4}},{"start":{"line":57,"column":4},"end":{"line":57,"column":4}}]},"4":{"line":63,"type":"if","locations":[{"start":{"line":63,"column":2},"end":{"line":63,"column":2}},{"start":{"line":63,"column":2},"end":{"line":63,"column":2}}]},"5":{"line":72,"type":"if","locations":[{"start":{"line":72,"column":4},"end":{"line":72,"column":4}},{"start":{"line":72,"column":4},"end":{"line":72,"column":4}}]},"6":{"line":77,"type":"if","locations":[{"start":{"line":77,"column":6},"end":{"line":77,"column":6}},{"start":{"line":77,"column":6},"end":{"line":77,"column":6}}]},"7":{"line":90,"type":"if","locations":[{"start":{"line":90,"column":4},"end":{"line":90,"column":4}},{"start":{"line":90,"column":4},"end":{"line":90,"column":4}}]},"8":{"line":95,"type":"if","locations":[{"start":{"line":95,"column":6},"end":{"line":95,"column":6}},{"start":{"line":95,"column":6},"end":{"line":95,"column":6}}]}}}}